20:50:39,199  INFO main GrammarLoader:resolveGrammarLocation:37 - Loading grammar from URL: file:/home/transcend/code/EVENTFLOW/SYNSEM/open-synsem/synsem/target/test-classes/grammar/grammar.xml
20:50:39,654  INFO main GrammarLoader:load:17 - Grammar 'synsem.ccg' loaded.
20:50:40,283  INFO main GrammarLoader:resolveGrammarLocation:37 - Loading grammar from URL: file:/home/transcend/code/EVENTFLOW/SYNSEM/open-synsem/synsem/target/test-classes/grammar/grammar.xml
20:50:40,480  INFO main GrammarLoader:load:17 - Grammar 'synsem.ccg' loaded.
20:50:40,880  INFO main GrammarLoader:resolveGrammarLocation:37 - Loading grammar from URL: file:/home/transcend/code/EVENTFLOW/SYNSEM/open-synsem/synsem/target/test-classes/grammar/grammar.xml
20:50:41,013  INFO main GrammarLoader:load:17 - Grammar 'synsem.ccg' loaded.
20:50:41,245  INFO main Configuration:<init>:35 - Using model checker.
20:50:41,246  INFO main GrammarLoader:resolveGrammarLocation:37 - Loading grammar from URL: file:/home/transcend/code/EVENTFLOW/SYNSEM/open-synsem/synsem/target/classes/grammar.xml
20:50:41,387  INFO main GrammarLoader:load:17 - Grammar 'synsem.ccg' loaded.
20:50:41,388  INFO main SynSemProcessor:process:70 - Query: включи лампу
20:50:41,394  INFO main SynSemProcessor:process:80 - Parses found: 1
20:50:41,395  INFO main SynSemProcessor:process:85 - Parse #1: s\!np : (@E_0:action(ON) ^ @E_0:action(<Mood>imp) ^ @E_0:action(<Actor>S_0:entity) ^ @E_0:action(<Patient>T_1:thing) ^ @T_1:thing(лампа) ^ @T_1:thing(<Num>sg))
20:50:41,401  INFO main SynSemProcessor:process:116 - HL: (лампа & <num>(sg))
20:50:41,404  INFO main SynSemProcessor:process:70 - Query: включи лампочку
20:50:41,409  INFO main SynSemProcessor:process:80 - Parses found: 1
20:50:41,410  INFO main SynSemProcessor:process:85 - Parse #1: s\!np : (@E_0:action(ON) ^ @E_0:action(<Mood>imp) ^ @E_0:action(<Actor>S_0:entity) ^ @E_0:action(<Patient>T_1:thing) ^ @T_1:thing(лампочка) ^ @T_1:thing(<Num>sg))
20:50:41,413  INFO main SynSemProcessor:process:116 - HL: (лампочка & <num>(sg))
20:50:41,414  INFO main SynSemProcessor:process:70 - Query: выключи лампу
20:50:41,423  INFO main SynSemProcessor:process:80 - Parses found: 1
20:50:41,423  INFO main SynSemProcessor:process:85 - Parse #1: s\!np : (@E_0:action(OFF) ^ @E_0:action(<Mood>imp) ^ @E_0:action(<Actor>S_0:entity) ^ @E_0:action(<Patient>T_1:thing) ^ @T_1:thing(лампа) ^ @T_1:thing(<Num>sg))
20:50:41,424  INFO main SynSemProcessor:process:116 - HL: (лампа & <num>(sg))
20:50:41,425  INFO main SynSemProcessor:process:70 - Query: выключи лампу и подсветку на кухне
20:50:41,431  INFO main SynSemProcessor:process:99 - Unable to parse: "выключи лампу и подсветку на кухне"
Unable to retrieve lexical entries:
	Lexicon Exception: подсветку not in lexicon
	at opennlp.ccg.parse.Parser.parse(Parser.java:232)
	at opennlp.ccg.parse.Parser.parse(Parser.java:191)
	at ru.eventflow.synsem.synsem.SynSemProcessor.process(SynSemProcessor.java:75)
	at ru.eventflow.synsem.synsem.SynSemProcessor.process(SynSemProcessor.java:58)
	at ru.eventflow.synsem.synsem.SynSemProcessorTest.testMultipleQueries(SynSemProcessorTest.java:31)
	at sun.reflect.NativeMethodAccessorImpl.invoke0(Native Method)
	at sun.reflect.NativeMethodAccessorImpl.invoke(NativeMethodAccessorImpl.java:57)
	at sun.reflect.DelegatingMethodAccessorImpl.invoke(DelegatingMethodAccessorImpl.java:43)
	at java.lang.reflect.Method.invoke(Method.java:601)
	at org.junit.runners.model.FrameworkMethod$1.runReflectiveCall(FrameworkMethod.java:45)
	at org.junit.internal.runners.model.ReflectiveCallable.run(ReflectiveCallable.java:15)
	at org.junit.runners.model.FrameworkMethod.invokeExplosively(FrameworkMethod.java:42)
	at org.junit.internal.runners.statements.InvokeMethod.evaluate(InvokeMethod.java:20)
	at org.junit.internal.runners.statements.RunBefores.evaluate(RunBefores.java:28)
	at org.junit.runners.ParentRunner.runLeaf(ParentRunner.java:263)
	at org.junit.runners.BlockJUnit4ClassRunner.runChild(BlockJUnit4ClassRunner.java:68)
	at org.junit.runners.BlockJUnit4ClassRunner.runChild(BlockJUnit4ClassRunner.java:47)
	at org.junit.runners.ParentRunner$3.run(ParentRunner.java:231)
	at org.junit.runners.ParentRunner$1.schedule(ParentRunner.java:60)
	at org.junit.runners.ParentRunner.runChildren(ParentRunner.java:229)
	at org.junit.runners.ParentRunner.access$000(ParentRunner.java:50)
	at org.junit.runners.ParentRunner$2.evaluate(ParentRunner.java:222)
	at org.junit.runners.ParentRunner.run(ParentRunner.java:300)
	at org.apache.maven.surefire.junit4.JUnit4TestSet.execute(JUnit4TestSet.java:53)
	at org.apache.maven.surefire.junit4.JUnit4Provider.executeTestSet(JUnit4Provider.java:123)
	at org.apache.maven.surefire.junit4.JUnit4Provider.invoke(JUnit4Provider.java:104)
	at sun.reflect.NativeMethodAccessorImpl.invoke0(Native Method)
	at sun.reflect.NativeMethodAccessorImpl.invoke(NativeMethodAccessorImpl.java:57)
	at sun.reflect.DelegatingMethodAccessorImpl.invoke(DelegatingMethodAccessorImpl.java:43)
	at java.lang.reflect.Method.invoke(Method.java:601)
	at org.apache.maven.surefire.util.ReflectionUtils.invokeMethodWithArray(ReflectionUtils.java:164)
	at org.apache.maven.surefire.booter.ProviderFactory$ProviderProxy.invoke(ProviderFactory.java:110)
	at org.apache.maven.surefire.booter.SurefireStarter.invokeProvider(SurefireStarter.java:175)
	at org.apache.maven.surefire.booter.SurefireStarter.runSuitesInProcessWhenForked(SurefireStarter.java:107)
	at org.apache.maven.surefire.booter.ForkedBooter.main(ForkedBooter.java:68)
20:50:41,437  INFO main GrammarLoader:resolveGrammarLocation:37 - Loading grammar from URL: file:/home/transcend/code/EVENTFLOW/SYNSEM/open-synsem/synsem/target/generated-sources/grammar/grammar.xml
20:50:41,545  INFO main GrammarLoader:load:17 - Grammar 'synsem.ccg' loaded.
20:50:41,551  INFO main GrammarLoader:resolveGrammarLocation:37 - Loading grammar from URL: file:/home/transcend/code/EVENTFLOW/SYNSEM/open-synsem/synsem/target/classes/grammar.xml
20:50:41,656  INFO main GrammarLoader:load:17 - Grammar 'synsem.ccg' loaded.
20:50:41,657  INFO main SynSemProcessor:process:70 - Query: включи красную лампу
20:50:41,667  INFO main SynSemProcessor:process:80 - Parses found: 1
20:50:41,668  INFO main SynSemProcessor:process:85 - Parse #1: s\!np : (@E_0:action(ON) ^ @E_0:action(<Mood>imp) ^ @E_0:action(<Actor>S_0:entity) ^ @E_0:action(<Patient>T_2:thing) ^ @M_1:q-color(красный-adj) ^ @T_2:thing(лампа) ^ @T_2:thing(<Num>sg) ^ @T_2:thing(<Modifier>M_1:q-color))
20:50:41,669  INFO main SynSemProcessor:process:116 - HL: (лампа & <num>(sg) & <modifier>((красный-adj)))
20:50:41,672  INFO main GrammarLoader:resolveGrammarLocation:37 - Loading grammar from URL: file:/home/transcend/code/EVENTFLOW/SYNSEM/open-synsem/synsem/target/classes/grammar.xml
20:50:41,758  INFO main GrammarLoader:load:17 - Grammar 'synsem.ccg' loaded.
20:50:41,758  INFO main SynSemProcessor:process:70 - Query: включи красную лампу
20:50:41,768  INFO main SynSemProcessor:process:80 - Parses found: 1
20:50:41,768  INFO main SynSemProcessor:process:85 - Parse #1: s\!np : (@E_0:action(ON) ^ @E_0:action(<Mood>imp) ^ @E_0:action(<Actor>S_0:entity) ^ @E_0:action(<Patient>T_2:thing) ^ @M_1:q-color(красный-adj) ^ @T_2:thing(лампа) ^ @T_2:thing(<Num>sg) ^ @T_2:thing(<Modifier>M_1:q-color))
20:50:41,770  INFO main SynSemProcessor:process:116 - HL: (лампа & <num>(sg) & <modifier>((красный-adj)))
20:50:41,773  INFO main GrammarLoader:resolveGrammarLocation:37 - Loading grammar from URL: file:/home/transcend/code/EVENTFLOW/SYNSEM/open-synsem/synsem/target/classes/grammar.xml
20:50:41,864  INFO main GrammarLoader:load:17 - Grammar 'synsem.ccg' loaded.
20:50:41,864  INFO main SynSemProcessor:process:70 - Query: включи лампочку
20:50:41,870  INFO main SynSemProcessor:process:80 - Parses found: 1
20:50:41,871  INFO main SynSemProcessor:process:85 - Parse #1: s\!np : (@E_0:action(ON) ^ @E_0:action(<Mood>imp) ^ @E_0:action(<Actor>S_0:entity) ^ @E_0:action(<Patient>T_1:thing) ^ @T_1:thing(лампочка) ^ @T_1:thing(<Num>sg))
20:50:41,872  INFO main SynSemProcessor:process:116 - HL: (лампочка & <num>(sg))
21:04:57,731  INFO main GrammarLoader:resolveGrammarLocation:37 - Loading grammar from URL: file:/home/transcend/code/EVENTFLOW/SYNSEM/open-synsem/synsem/target/test-classes/grammar/grammar.xml
21:04:58,156  INFO main GrammarLoader:load:17 - Grammar 'synsem.ccg' loaded.
21:04:58,771  INFO main GrammarLoader:resolveGrammarLocation:37 - Loading grammar from URL: file:/home/transcend/code/EVENTFLOW/SYNSEM/open-synsem/synsem/target/test-classes/grammar/grammar.xml
21:04:58,958  INFO main GrammarLoader:load:17 - Grammar 'synsem.ccg' loaded.
21:04:59,341  INFO main GrammarLoader:resolveGrammarLocation:37 - Loading grammar from URL: file:/home/transcend/code/EVENTFLOW/SYNSEM/open-synsem/synsem/target/test-classes/grammar/grammar.xml
21:04:59,462  INFO main GrammarLoader:load:17 - Grammar 'synsem.ccg' loaded.
21:04:59,702  INFO main Configuration:<init>:35 - Using model checker.
21:04:59,703  INFO main GrammarLoader:resolveGrammarLocation:37 - Loading grammar from URL: file:/home/transcend/code/EVENTFLOW/SYNSEM/open-synsem/synsem/target/classes/grammar.xml
21:04:59,835  INFO main GrammarLoader:load:17 - Grammar 'synsem.ccg' loaded.
21:04:59,837  INFO main SynSemProcessor:process:70 - Query: включи лампу
21:04:59,843  INFO main SynSemProcessor:process:80 - Parses found: 1
21:04:59,844  INFO main SynSemProcessor:process:85 - Parse #1: s\!np : (@E_0:action(ON) ^ @E_0:action(<Mood>imp) ^ @E_0:action(<Actor>S_0:entity) ^ @E_0:action(<Patient>T_1:thing) ^ @T_1:thing(лампа) ^ @T_1:thing(<Num>sg))
21:04:59,851  INFO main SynSemProcessor:process:116 - HL: (лампа & <num>(sg))
21:04:59,854  INFO main SynSemProcessor:process:70 - Query: включи лампочку
21:04:59,860  INFO main SynSemProcessor:process:80 - Parses found: 1
21:04:59,860  INFO main SynSemProcessor:process:85 - Parse #1: s\!np : (@E_0:action(ON) ^ @E_0:action(<Mood>imp) ^ @E_0:action(<Actor>S_0:entity) ^ @E_0:action(<Patient>T_1:thing) ^ @T_1:thing(лампочка) ^ @T_1:thing(<Num>sg))
21:04:59,864  INFO main SynSemProcessor:process:116 - HL: (лампочка & <num>(sg))
21:04:59,864  INFO main SynSemProcessor:process:70 - Query: выключи лампу
21:04:59,870  INFO main SynSemProcessor:process:80 - Parses found: 1
21:04:59,870  INFO main SynSemProcessor:process:85 - Parse #1: s\!np : (@E_0:action(OFF) ^ @E_0:action(<Mood>imp) ^ @E_0:action(<Actor>S_0:entity) ^ @E_0:action(<Patient>T_1:thing) ^ @T_1:thing(лампа) ^ @T_1:thing(<Num>sg))
21:04:59,871  INFO main SynSemProcessor:process:116 - HL: (лампа & <num>(sg))
21:04:59,872  INFO main SynSemProcessor:process:70 - Query: выключи лампу и подсветку на кухне
21:04:59,877  INFO main SynSemProcessor:process:99 - Unable to parse: "выключи лампу и подсветку на кухне"
Unable to retrieve lexical entries:
	Lexicon Exception: подсветку not in lexicon
	at opennlp.ccg.parse.Parser.parse(Parser.java:232)
	at opennlp.ccg.parse.Parser.parse(Parser.java:191)
	at ru.eventflow.synsem.synsem.SynSemProcessor.process(SynSemProcessor.java:75)
	at ru.eventflow.synsem.synsem.SynSemProcessor.process(SynSemProcessor.java:58)
	at ru.eventflow.synsem.synsem.SynSemProcessorTest.testMultipleQueries(SynSemProcessorTest.java:31)
	at sun.reflect.NativeMethodAccessorImpl.invoke0(Native Method)
	at sun.reflect.NativeMethodAccessorImpl.invoke(NativeMethodAccessorImpl.java:57)
	at sun.reflect.DelegatingMethodAccessorImpl.invoke(DelegatingMethodAccessorImpl.java:43)
	at java.lang.reflect.Method.invoke(Method.java:601)
	at org.junit.runners.model.FrameworkMethod$1.runReflectiveCall(FrameworkMethod.java:45)
	at org.junit.internal.runners.model.ReflectiveCallable.run(ReflectiveCallable.java:15)
	at org.junit.runners.model.FrameworkMethod.invokeExplosively(FrameworkMethod.java:42)
	at org.junit.internal.runners.statements.InvokeMethod.evaluate(InvokeMethod.java:20)
	at org.junit.internal.runners.statements.RunBefores.evaluate(RunBefores.java:28)
	at org.junit.runners.ParentRunner.runLeaf(ParentRunner.java:263)
	at org.junit.runners.BlockJUnit4ClassRunner.runChild(BlockJUnit4ClassRunner.java:68)
	at org.junit.runners.BlockJUnit4ClassRunner.runChild(BlockJUnit4ClassRunner.java:47)
	at org.junit.runners.ParentRunner$3.run(ParentRunner.java:231)
	at org.junit.runners.ParentRunner$1.schedule(ParentRunner.java:60)
	at org.junit.runners.ParentRunner.runChildren(ParentRunner.java:229)
	at org.junit.runners.ParentRunner.access$000(ParentRunner.java:50)
	at org.junit.runners.ParentRunner$2.evaluate(ParentRunner.java:222)
	at org.junit.runners.ParentRunner.run(ParentRunner.java:300)
	at org.apache.maven.surefire.junit4.JUnit4TestSet.execute(JUnit4TestSet.java:53)
	at org.apache.maven.surefire.junit4.JUnit4Provider.executeTestSet(JUnit4Provider.java:123)
	at org.apache.maven.surefire.junit4.JUnit4Provider.invoke(JUnit4Provider.java:104)
	at sun.reflect.NativeMethodAccessorImpl.invoke0(Native Method)
	at sun.reflect.NativeMethodAccessorImpl.invoke(NativeMethodAccessorImpl.java:57)
	at sun.reflect.DelegatingMethodAccessorImpl.invoke(DelegatingMethodAccessorImpl.java:43)
	at java.lang.reflect.Method.invoke(Method.java:601)
	at org.apache.maven.surefire.util.ReflectionUtils.invokeMethodWithArray(ReflectionUtils.java:164)
	at org.apache.maven.surefire.booter.ProviderFactory$ProviderProxy.invoke(ProviderFactory.java:110)
	at org.apache.maven.surefire.booter.SurefireStarter.invokeProvider(SurefireStarter.java:175)
	at org.apache.maven.surefire.booter.SurefireStarter.runSuitesInProcessWhenForked(SurefireStarter.java:107)
	at org.apache.maven.surefire.booter.ForkedBooter.main(ForkedBooter.java:68)
21:04:59,883  INFO main GrammarLoader:resolveGrammarLocation:37 - Loading grammar from URL: file:/home/transcend/code/EVENTFLOW/SYNSEM/open-synsem/synsem/target/generated-sources/grammar/grammar.xml
21:04:59,981  INFO main GrammarLoader:load:17 - Grammar 'synsem.ccg' loaded.
21:04:59,987  INFO main GrammarLoader:resolveGrammarLocation:37 - Loading grammar from URL: file:/home/transcend/code/EVENTFLOW/SYNSEM/open-synsem/synsem/target/classes/grammar.xml
21:05:00,085  INFO main GrammarLoader:load:17 - Grammar 'synsem.ccg' loaded.
21:05:00,086  INFO main SynSemProcessor:process:70 - Query: включи красную лампу
21:05:00,098  INFO main SynSemProcessor:process:80 - Parses found: 1
21:05:00,098  INFO main SynSemProcessor:process:85 - Parse #1: s\!np : (@E_0:action(ON) ^ @E_0:action(<Mood>imp) ^ @E_0:action(<Actor>S_0:entity) ^ @E_0:action(<Patient>T_2:thing) ^ @M_1:q-color(красный-adj) ^ @T_2:thing(лампа) ^ @T_2:thing(<Num>sg) ^ @T_2:thing(<Modifier>M_1:q-color))
21:05:00,099  INFO main SynSemProcessor:process:116 - HL: (лампа & <num>(sg) & <modifier>((красный-adj)))
21:05:00,102  INFO main GrammarLoader:resolveGrammarLocation:37 - Loading grammar from URL: file:/home/transcend/code/EVENTFLOW/SYNSEM/open-synsem/synsem/target/classes/grammar.xml
21:05:00,185  INFO main GrammarLoader:load:17 - Grammar 'synsem.ccg' loaded.
21:05:00,186  INFO main SynSemProcessor:process:70 - Query: включи красную лампу
21:05:00,196  INFO main SynSemProcessor:process:80 - Parses found: 1
21:05:00,196  INFO main SynSemProcessor:process:85 - Parse #1: s\!np : (@E_0:action(ON) ^ @E_0:action(<Mood>imp) ^ @E_0:action(<Actor>S_0:entity) ^ @E_0:action(<Patient>T_2:thing) ^ @M_1:q-color(красный-adj) ^ @T_2:thing(лампа) ^ @T_2:thing(<Num>sg) ^ @T_2:thing(<Modifier>M_1:q-color))
21:05:00,197  INFO main SynSemProcessor:process:116 - HL: (лампа & <num>(sg) & <modifier>((красный-adj)))
21:05:00,201  INFO main GrammarLoader:resolveGrammarLocation:37 - Loading grammar from URL: file:/home/transcend/code/EVENTFLOW/SYNSEM/open-synsem/synsem/target/classes/grammar.xml
21:05:00,286  INFO main GrammarLoader:load:17 - Grammar 'synsem.ccg' loaded.
21:05:00,287  INFO main SynSemProcessor:process:70 - Query: включи лампочку
21:05:00,293  INFO main SynSemProcessor:process:80 - Parses found: 1
21:05:00,293  INFO main SynSemProcessor:process:85 - Parse #1: s\!np : (@E_0:action(ON) ^ @E_0:action(<Mood>imp) ^ @E_0:action(<Actor>S_0:entity) ^ @E_0:action(<Patient>T_1:thing) ^ @T_1:thing(лампочка) ^ @T_1:thing(<Num>sg))
21:05:00,294  INFO main SynSemProcessor:process:116 - HL: (лампочка & <num>(sg))
